<?xml version="1.0" encoding="UTF-8"?>
<testsuites tests="3" failures="2" errors="0" skipped="1">
  <testsuite name="Frame Testing with WebDriverIO" timestamp="2025-04-30T16:57:07" time="8.027" tests="3" failures="2" errors="0" skipped="1">
    <properties>
      <property name="specId" value="0"/>
      <property name="suiteName" value="Frame Testing with WebDriverIO"/>
      <property name="capabilities" value="chrome.135_0_7049_115.mac"/>
      <property name="file" value="file://./test/specs/frame.test.ts"/>
    </properties>
    <testcase classname="chrome.135_0_7049_115.mac.Frame_Testing_with_WebDriverIO" name="C3 should type into frame 1" time="8.022">
      <failure message="write EPIPE"/>
      <system-out><![CDATA[
COMMAND: POST /session/03f49038311ca8857583a274d1b0ba40/url - {"url":"https://ui.vision/demo/webtest/frames/"}
RESULT: {"url":"https://ui.vision/demo/webtest/frames/"}
COMMAND: POST /session/03f49038311ca8857583a274d1b0ba40/element - {"using":"css selector","value":"frame[src=\"frame_1.html\"]"}
RESULT: {"using":"css selector","value":"frame[src=\"frame_1.html\"]"}
COMMAND: POST /session/03f49038311ca8857583a274d1b0ba40/elements - {"using":"css selector","value":"frame[src=\"frame_1.html\"]"}
RESULT: {"using":"css selector","value":"frame[src=\"frame_1.html\"]"}
COMMAND: POST /session/03f49038311ca8857583a274d1b0ba40/execute/sync - {"script":"<script> [21 bytes]","args":[{"element-6066-11e4-a52e-4f735466cecf":"f.232439A0D98B8ED9E2D969DCE607812D.d.0771A27702F8BD66AE1220DC7FAACB5D.e.23","ELEMENT":"f.232439A0D98B8ED9E2D969DCE607812D.d.0771A27702F8BD66AE1220DC7FAACB5D.e.23"}]}
RESULT: {"script":"<script> [21 bytes]","args":[{"element-6066-11e4-a52e-4f735466cecf":"f.232439A0D98B8ED9E2D969DCE607812D.d.0771A27702F8BD66AE1220DC7FAACB5D.e.23","ELEMENT":"f.232439A0D98B8ED9E2D969DCE607812D.d.0771A27702F8BD66AE1220DC7FAACB5D.e.23"}]}
COMMAND: POST /session/03f49038311ca8857583a274d1b0ba40/frame - {"id":{"sessionId":"03f49038311ca8857583a274d1b0ba40","elementId":"f.232439A0D98B8ED9E2D969DCE607812D.d.0771A27702F8BD66AE1220DC7FAACB5D.e.23","element-6066-11e4-a52e-4f735466cecf":"f.232439A0D98B8ED9E2D969DCE607812D.d.0771A27702F8BD66AE1220DC7FAACB5D.e.23","selector":"frame[src=\"frame_1.html\"]","parent":{"capabilities":{"acceptInsecureCerts":false,"browserName":"chrome","browserVersion":"135.0.7049.115","chrome":{"chromedriverVersion":"135.0.7049.115 (e624ba5948ffb9b6dcc98ae635ebe92ee09d242c-refs/branch-heads/7049@{#2176})","userDataDir":"/var/folders/d_/lwlf26_d12z30yck_zwfx_4r0000gp/T/.org.chromium.Chromium.hKfYZn"},"fedcm:accounts":true,"goog:chromeOptions":{"debuggerAddress":"localhost:56578"},"networkConnectionEnabled":false,"pageLoadStrategy":"normal","platformName":"mac","proxy":{},"_":"10 more keys: [\"setWindowRect\",\"strictFileInteractability\",\"timeouts\",\"unhandledPromptBehavior\",\"webauthn:extension:credBlob\",\"webauthn:extension:largeBlob\",\"webauthn:extension:minPinLength\",\"webauthn:extension:prf\",\"webauthn:virtualAuthenticators\",\"wdio:driverPID\"]"}},"isReactElement":false,"isShadowElement":false}}
RESULT: {"id":{"sessionId":"03f49038311ca8857583a274d1b0ba40","elementId":"f.232439A0D98B8ED9E2D969DCE607812D.d.0771A27702F8BD66AE1220DC7FAACB5D.e.23","element-6066-11e4-a52e-4f735466cecf":"f.232439A0D98B8ED9E2D969DCE607812D.d.0771A27702F8BD66AE1220DC7FAACB5D.e.23","selector":"frame[src=\"frame_1.html\"]","parent":{"capabilities":{"acceptInsecureCerts":false,"browserName":"chrome","browserVersion":"135.0.7049.115","chrome":{"chromedriverVersion":"135.0.7049.115 (e624ba5948ffb9b6dcc98ae635ebe92ee09d242c-refs/branch-heads/7049@{#2176})","userDataDir":"/var/folders/d_/lwlf26_d12z30yck_zwfx_4r0000gp/T/.org.chromium.Chromium.hKfYZn"},"fedcm:accounts":true,"goog:chromeOptions":{"debuggerAddress":"localhost:56578"},"networkConnectionEnabled":false,"pageLoadStrategy":"normal","platformName":"mac","proxy":{},"_":"10 more keys: [\"setWindowRect\",\"strictFileInteractability\",\"timeouts\",\"unhandledPromptBehavior\",\"webauthn:extension:credBlob\",\"webauthn:extension:largeBlob\",\"webauthn:extension:minPinLength\",\"webauthn:extension:prf\",\"webauthn:virtualAuthenticators\",\"wdio:driverPID\"]"}},"isReactElement":false,"isShadowElement":false}}
COMMAND: POST /session/03f49038311ca8857583a274d1b0ba40/element - {"using":"xpath","value":"//input[@name='text']"}
RESULT: {"using":"xpath","value":"//input[@name='text']"}
COMMAND: POST /session/03f49038311ca8857583a274d1b0ba40/elements - {"using":"xpath","value":"//input[@name='text']"}
RESULT: {"using":"xpath","value":"//input[@name='text']"}
COMMAND: POST /session/03f49038311ca8857583a274d1b0ba40/elements - {"using":"xpath","value":"//input[@name='text']"}
RESULT: {"using":"xpath","value":"//input[@name='text']"}
COMMAND: POST /session/03f49038311ca8857583a274d1b0ba40/elements - {"using":"xpath","value":"//input[@name='text']"}
RESULT: {"using":"xpath","value":"//input[@name='text']"}
COMMAND: POST /session/03f49038311ca8857583a274d1b0ba40/elements - {"using":"xpath","value":"//input[@name='text']"}
RESULT: {"using":"xpath","value":"//input[@name='text']"}
COMMAND: POST /session/03f49038311ca8857583a274d1b0ba40/elements - {"using":"xpath","value":"//input[@name='text']"}
RESULT: {"using":"xpath","value":"//input[@name='text']"}
COMMAND: POST /session/03f49038311ca8857583a274d1b0ba40/elements - {"using":"xpath","value":"//input[@name='text']"}
RESULT: {"using":"xpath","value":"//input[@name='text']"}
COMMAND: DELETE /session/03f49038311ca8857583a274d1b0ba40 - {}
COMMAND: POST /session/03f49038311ca8857583a274d1b0ba40/elements - {"using":"xpath","value":"//input[@name='text']"}
RESULT: {}
RESULT: {"using":"xpath","value":"//input[@name='text']"}
COMMAND: POST /session/undefined/elements - {"using":"xpath","value":"//input[@name='text']"}
RESULT: {"using":"xpath","value":"//input[@name='text']"}
]]></system-out>
      <system-err><![CDATA[
Error: write EPIPE
    at afterWriteDispatched (node:internal/stream_base_commons:159:15)
    at writeGeneric (node:internal/stream_base_commons:150:3)
    at Socket._writeGeneric (node:net:971:11)
    at Socket._write (node:net:983:8)
    at writeOrBuffer (node:internal/streams/writable:570:12)
    at _write (node:internal/streams/writable:499:10)
    at Socket.Writable.write (node:internal/streams/writable:508:10)
    at console.value (node:internal/console/constructor:298:16)
    at console.info (node:internal/console/constructor:391:26)
    at file:///Users/harshwardhan/testRailCLIPoc/node_modules/@wdio/logger/build/node.js:102:9
    at Logger.info (/Users/harshwardhan/testRailCLIPoc/node_modules/loglevel-plugin-prefix/lib/loglevel-plugin-prefix.js:106:24)
    at Browser.protocolCommand (file:///Users/harshwardhan/testRailCLIPoc/node_modules/webdriver/build/command.js:91:13)
    at async Browser.wrapCommandFn (file:///Users/harshwardhan/testRailCLIPoc/node_modules/@wdio/utils/build/shim.js:90:29)
    at async Browser.$$ (file:///Users/harshwardhan/testRailCLIPoc/node_modules/webdriverio/build/commands/browser/$$.js:46:11)
    at async Browser.wrapCommandFn (file:///Users/harshwardhan/testRailCLIPoc/node_modules/@wdio/utils/build/shim.js:90:29)
    at async Element.wrapCommandFn (file:///Users/harshwardhan/testRailCLIPoc/node_modules/@wdio/utils/build/shim.js:90:29)
]]></system-err>
    </testcase>
    <testcase classname="chrome.135_0_7049_115.mac.Frame_Testing_with_WebDriverIO" name="C4 should click checkbox in frame 3" time="0">
      <skipped/>
      <system-out><![CDATA[
COMMAND: POST /session/undefined/url - {"url":"https://ui.vision/demo/webtest/frames/"}
RESULT: {"url":"https://ui.vision/demo/webtest/frames/"}
]]></system-out>
    </testcase>
    <testcase classname="chrome.135_0_7049_115.mac.Frame_Testing_with_WebDriverIO" name="before each hook for Frame Testing with WebDriverIO" time="0.003">
      <failure message="A sessionId is required for this command"/>
      <system-err><![CDATA[
Error: A sessionId is required for this command
    at async FramePage.open (file:///Users/harshwardhan/testRailCLIPoc/test/pageobjects/base.page.ts:5:9)
    at async Context.<anonymous> (file:///Users/harshwardhan/testRailCLIPoc/test/specs/frame.test.ts:5:9)
]]></system-err>
    </testcase>
  </testsuite>
</testsuites>